0 info it worked if it ends with ok
1 verbose cli [ 'D:\\nodejs\\node.exe',
1 verbose cli   'D:\\nodejs\\node_modules\\npm\\bin\\npm-cli.js',
1 verbose cli   'publish' ]
2 info using npm@2.15.8
3 info using node@v4.4.7
4 verbose publish [ '.' ]
5 silly cache add args [ '.', null ]
6 verbose cache add spec .
7 silly cache add parsed spec Result {
7 silly cache add   raw: '.',
7 silly cache add   scope: null,
7 silly cache add   name: null,
7 silly cache add   rawSpec: '.',
7 silly cache add   spec: 'E:\\nodeJs_actual_combat\\github_pro',
7 silly cache add   type: 'directory' }
8 verbose addLocalDirectory C:\Users\tendcloud\AppData\Roaming\npm-cache\node-elf\0.0.1\package.tgz not in flight; packing
9 verbose correctMkdir C:\Users\tendcloud\AppData\Roaming\npm-cache correctMkdir not in flight; initializing
10 verbose tar pack [ 'C:\\Users\\tendcloud\\AppData\\Roaming\\npm-cache\\node-elf\\0.0.1\\package.tgz',
10 verbose tar pack   'E:\\nodeJs_actual_combat\\github_pro' ]
11 verbose tarball C:\Users\tendcloud\AppData\Roaming\npm-cache\node-elf\0.0.1\package.tgz
12 verbose folder E:\nodeJs_actual_combat\github_pro
13 info prepublish node-elf@0.0.1
14 verbose addLocalTarball adding from inside cache C:\Users\tendcloud\AppData\Roaming\npm-cache\node-elf\0.0.1\package.tgz
15 verbose correctMkdir C:\Users\tendcloud\AppData\Roaming\npm-cache correctMkdir not in flight; initializing
16 silly cache afterAdd node-elf@0.0.1
17 verbose afterAdd C:\Users\tendcloud\AppData\Roaming\npm-cache\node-elf\0.0.1\package\package.json not in flight; writing
18 verbose correctMkdir C:\Users\tendcloud\AppData\Roaming\npm-cache correctMkdir not in flight; initializing
19 verbose afterAdd C:\Users\tendcloud\AppData\Roaming\npm-cache\node-elf\0.0.1\package\package.json written
20 silly publish { name: 'node-elf',
20 silly publish   version: '0.0.1',
20 silly publish   description: 'npm test install project',
20 silly publish   keywords: [ 'node-elf' ],
20 silly publish   author: { name: 'nibin.hu', email: 'nibin.hu@tendcloud.com' },
20 silly publish   repository: { type: 'git', url: 'git://github.com/dragonHu/node-elf.git' },
20 silly publish   dependencies: {},
20 silly publish   devDependencies: { mocha: '*', should: '*' },
20 silly publish   main: 'index',
20 silly publish   readme: '\n# node-elf\n\n  npm test install project\n\n## License \n\n(The MIT License)\n\nCopyright (c) 2016 nibin.hu &lt;nibin.hu@tendcloud.com&gt;\n\nPermission is hereby granted, free of charge, to any person obtaining\na copy of this software and associated documentation files (the\n\'Software\'), to deal in the Software without restriction, including\nwithout limitation the rights to use, copy, modify, merge, publish,\ndistribute, sublicense, and/or sell copies of the Software, and to\npermit persons to whom the Software is furnished to do so, subject to\nthe following conditions:\n\nThe above copyright notice and this permission notice shall be\nincluded in all copies or substantial portions of the Software.\n\nTHE SOFTWARE IS PROVIDED \'AS IS\', WITHOUT WARRANTY OF ANY KIND,\nEXPRESS OR IMPLIED, INCLUDING BUT NOT LIMITED TO THE WARRANTIES OF\nMERCHANTABILITY, FITNESS FOR A PARTICULAR PURPOSE AND NONINFRINGEMENT.\nIN NO EVENT SHALL THE AUTHORS OR COPYRIGHT HOLDERS BE LIABLE FOR ANY\nCLAIM, DAMAGES OR OTHER LIABILITY, WHETHER IN AN ACTION OF CONTRACT,\nTORT OR OTHERWISE, ARISING FROM, OUT OF OR IN CONNECTION WITH THE\nSOFTWARE OR THE USE OR OTHER DEALINGS IN THE SOFTWARE.',
20 silly publish   readmeFilename: 'Readme.md',
20 silly publish   gitHead: 'c655faf1cfd649733ba8565a9e90f31d6302b885',
20 silly publish   bugs: { url: 'https://github.com/dragonHu/node-elf/issues' },
20 silly publish   homepage: 'https://github.com/dragonHu/node-elf#readme',
20 silly publish   _id: 'node-elf@0.0.1',
20 silly publish   scripts: {},
20 silly publish   _shasum: '9866b1226161f9e44eee4bc2609cf41ae06bad87',
20 silly publish   _from: '.' }
21 verbose getPublishConfig undefined
22 silly mapToRegistry name node-elf
23 silly mapToRegistry using default registry
24 silly mapToRegistry registry https://registry.npmjs.org/
25 silly mapToRegistry data Result {
25 silly mapToRegistry   raw: 'node-elf',
25 silly mapToRegistry   scope: null,
25 silly mapToRegistry   name: 'node-elf',
25 silly mapToRegistry   rawSpec: '',
25 silly mapToRegistry   spec: 'latest',
25 silly mapToRegistry   type: 'tag' }
26 silly mapToRegistry uri https://registry.npmjs.org/node-elf
27 verbose publish registryBase https://registry.npmjs.org/
28 silly publish uploading C:\Users\tendcloud\AppData\Roaming\npm-cache\node-elf\0.0.1\package.tgz
29 verbose request uri https://registry.npmjs.org/node-elf
30 verbose request sending authorization for write operation
31 info attempt registry request try #1 at 17:56:43
32 verbose request using bearer token for auth
33 verbose request id 197e1f780148f712
34 http request PUT https://registry.npmjs.org/node-elf
35 http 403 https://registry.npmjs.org/node-elf
36 verbose headers { 'content-type': 'application/json',
36 verbose headers   'cache-control': 'max-age=300',
36 verbose headers   'content-length': '102',
36 verbose headers   'accept-ranges': 'bytes',
36 verbose headers   date: 'Wed, 26 Oct 2016 09:55:51 GMT',
36 verbose headers   via: '1.1 varnish',
36 verbose headers   connection: 'keep-alive',
36 verbose headers   'x-served-by': 'cache-lcy1130-LCY',
36 verbose headers   'x-cache': 'MISS',
36 verbose headers   'x-cache-hits': '0',
36 verbose headers   'x-timer': 'S1477475750.981102,VS0,VE677',
36 verbose headers   vary: 'Accept-Encoding' }
37 verbose request invalidating C:\Users\tendcloud\AppData\Roaming\npm-cache\registry.npmjs.org\node-elf on PUT
38 error publish Failed PUT 403
39 verbose stack Error: you do not have permission to publish "node-elf". Are you logged in as the correct user? : node-elf
39 verbose stack     at makeError (D:\nodejs\node_modules\npm\node_modules\npm-registry-client\lib\request.js:264:12)
39 verbose stack     at CachingRegistryClient.<anonymous> (D:\nodejs\node_modules\npm\node_modules\npm-registry-client\lib\request.js:252:14)
39 verbose stack     at Request._callback (D:\nodejs\node_modules\npm\node_modules\npm-registry-client\lib\request.js:172:14)
39 verbose stack     at Request.self.callback (D:\nodejs\node_modules\npm\node_modules\request\request.js:200:22)
39 verbose stack     at emitTwo (events.js:87:13)
39 verbose stack     at Request.emit (events.js:172:7)
39 verbose stack     at Request.<anonymous> (D:\nodejs\node_modules\npm\node_modules\request\request.js:1067:10)
39 verbose stack     at emitOne (events.js:82:20)
39 verbose stack     at Request.emit (events.js:169:7)
39 verbose stack     at IncomingMessage.<anonymous> (D:\nodejs\node_modules\npm\node_modules\request\request.js:988:12)
40 verbose statusCode 403
41 verbose pkgid node-elf
42 verbose cwd E:\nodeJs_actual_combat\github_pro
43 error Windows_NT 6.1.7601
44 error argv "D:\\nodejs\\node.exe" "D:\\nodejs\\node_modules\\npm\\bin\\npm-cli.js" "publish"
45 error node v4.4.7
46 error npm  v2.15.8
47 error code E403
48 error you do not have permission to publish "node-elf". Are you logged in as the correct user? : node-elf
49 error If you need help, you may report this error at:
49 error     <https://github.com/npm/npm/issues>
50 verbose exit [ 1, true ]
